2023-10-26 18:05:12,983 - tensorflow - WARNING - Callback method `on_train_batch_end` is slow compared to the batch time (batch time: 0.4598s vs `on_train_batch_end` time: 0.6417s). Check your callbacks.
2023-10-26 18:05:21,820 - root - INFO - Epoch 0; loss: 27.27924919128418; CER: 1.3557523488998413; WER: 1.0; val_loss: 18.073253631591797; val_CER: 1.0; val_WER: 1.0
2023-10-26 18:05:30,193 - root - INFO - Epoch 1; loss: 13.902817726135254; CER: 1.0; WER: 1.0; val_loss: 13.480700492858887; val_CER: 1.0; val_WER: 1.0
2023-10-26 18:05:38,636 - root - INFO - Epoch 2; loss: 13.380349159240723; CER: 1.0; WER: 1.0; val_loss: 14.442739486694336; val_CER: 1.0; val_WER: 1.0
2023-10-26 18:05:46,968 - root - INFO - Epoch 3; loss: 13.22776985168457; CER: 1.0; WER: 1.0; val_loss: 13.396581649780273; val_CER: 1.0; val_WER: 1.0
2023-10-26 18:05:55,286 - root - INFO - Epoch 4; loss: 13.210660934448242; CER: 1.0; WER: 1.0; val_loss: 13.397510528564453; val_CER: 1.0; val_WER: 1.0
2023-10-26 18:06:03,605 - root - INFO - Epoch 5; loss: 13.19790267944336; CER: 1.0; WER: 1.0; val_loss: 13.275859832763672; val_CER: 1.0; val_WER: 1.0
2023-10-26 18:06:11,772 - root - INFO - Epoch 6; loss: 13.170581817626953; CER: 1.0; WER: 1.0; val_loss: 13.312593460083008; val_CER: 1.0; val_WER: 1.0
2023-10-26 18:06:20,048 - root - INFO - Epoch 7; loss: 13.212197303771973; CER: 1.0; WER: 1.0; val_loss: 13.32381820678711; val_CER: 1.0; val_WER: 1.0
2023-10-26 18:06:28,646 - root - INFO - Epoch 8; loss: 13.173138618469238; CER: 1.0; WER: 1.0; val_loss: 13.218419075012207; val_CER: 1.0; val_WER: 1.0
2023-10-26 18:06:37,086 - root - INFO - Epoch 9; loss: 13.206485748291016; CER: 1.0; WER: 1.0; val_loss: 13.260444641113281; val_CER: 1.0; val_WER: 1.0
2023-10-26 18:06:45,573 - root - INFO - Epoch 10; loss: 13.155619621276855; CER: 1.0; WER: 1.0; val_loss: 13.21484088897705; val_CER: 1.0; val_WER: 1.0
2023-10-26 18:06:53,903 - root - INFO - Epoch 11; loss: 13.174497604370117; CER: 1.0; WER: 1.0; val_loss: 13.246400833129883; val_CER: 1.0; val_WER: 1.0
2023-10-26 18:07:02,192 - root - INFO - Epoch 12; loss: 13.186363220214844; CER: 1.0; WER: 1.0; val_loss: 13.234339714050293; val_CER: 1.0; val_WER: 1.0
2023-10-26 18:07:10,336 - root - INFO - Epoch 13; loss: 13.175689697265625; CER: 1.0; WER: 1.0; val_loss: 13.245823860168457; val_CER: 1.0; val_WER: 1.0
2023-10-26 18:07:18,589 - root - INFO - Epoch 14; loss: 13.152144432067871; CER: 1.0; WER: 1.0; val_loss: 13.1943359375; val_CER: 1.0; val_WER: 1.0
2023-10-26 18:07:26,895 - root - INFO - Epoch 15; loss: 13.170584678649902; CER: 1.0; WER: 1.0; val_loss: 13.206411361694336; val_CER: 1.0; val_WER: 1.0
2023-10-26 18:07:35,198 - root - INFO - Epoch 16; loss: 13.16589069366455; CER: 1.0; WER: 1.0; val_loss: 13.20898723602295; val_CER: 1.0; val_WER: 1.0
2023-10-26 18:07:43,547 - root - INFO - Epoch 17; loss: 13.152215957641602; CER: 1.0; WER: 1.0; val_loss: 13.198330879211426; val_CER: 1.0; val_WER: 1.0
2023-10-26 18:07:51,791 - root - INFO - Epoch 18; loss: 13.161863327026367; CER: 1.0; WER: 1.0; val_loss: 13.225824356079102; val_CER: 1.0; val_WER: 1.0
2023-10-26 18:08:00,056 - root - INFO - Epoch 19; loss: 13.196186065673828; CER: 1.0; WER: 1.0; val_loss: 13.20556354522705; val_CER: 1.0; val_WER: 1.0
2023-10-26 18:08:08,225 - root - INFO - Epoch 20; loss: 13.176079750061035; CER: 1.0; WER: 1.0; val_loss: 13.229538917541504; val_CER: 1.0; val_WER: 1.0
2023-10-26 18:08:17,370 - root - INFO - Epoch 21; loss: 13.15457820892334; CER: 1.0; WER: 1.0; val_loss: 13.1138916015625; val_CER: 1.0; val_WER: 1.0
2023-10-26 18:08:25,719 - root - INFO - Epoch 22; loss: 13.13564395904541; CER: 1.0; WER: 1.0; val_loss: 13.206905364990234; val_CER: 1.0; val_WER: 1.0
2023-10-26 18:08:34,979 - root - INFO - Epoch 23; loss: 13.154017448425293; CER: 1.0; WER: 1.0; val_loss: 13.186483383178711; val_CER: 1.0; val_WER: 1.0
2023-10-26 18:08:43,581 - root - INFO - Epoch 24; loss: 13.115910530090332; CER: 1.0; WER: 1.0; val_loss: 13.151467323303223; val_CER: 1.0; val_WER: 1.0
2023-10-26 18:08:52,173 - root - INFO - Epoch 25; loss: 13.134552955627441; CER: 1.0; WER: 1.0; val_loss: 13.236950874328613; val_CER: 1.0; val_WER: 1.0
2023-10-26 18:09:00,447 - root - INFO - Epoch 26; loss: 13.127424240112305; CER: 1.0; WER: 1.0; val_loss: 13.121312141418457; val_CER: 1.0; val_WER: 1.0
2023-10-26 18:09:08,859 - root - INFO - Epoch 27; loss: 13.10697078704834; CER: 1.0; WER: 1.0; val_loss: 13.114153861999512; val_CER: 1.0; val_WER: 1.0
2023-10-26 18:09:17,020 - root - INFO - Epoch 28; loss: 13.090898513793945; CER: 1.0; WER: 1.0; val_loss: 13.052180290222168; val_CER: 1.0; val_WER: 1.0
2023-10-26 18:09:25,323 - root - INFO - Epoch 29; loss: 13.082784652709961; CER: 1.0; WER: 1.0; val_loss: 13.148807525634766; val_CER: 1.0; val_WER: 1.0
2023-10-26 18:09:33,654 - root - INFO - Epoch 30; loss: 13.066001892089844; CER: 1.0; WER: 1.0; val_loss: 13.095450401306152; val_CER: 1.0; val_WER: 1.0
2023-10-26 18:09:42,017 - root - INFO - Epoch 31; loss: 13.080328941345215; CER: 1.0; WER: 1.0; val_loss: 13.011669158935547; val_CER: 1.0; val_WER: 1.0
2023-10-26 18:09:50,383 - root - INFO - Epoch 32; loss: 13.069664001464844; CER: 1.0; WER: 1.0; val_loss: 13.076133728027344; val_CER: 1.0; val_WER: 1.0
2023-10-26 18:09:58,655 - root - INFO - Epoch 33; loss: 13.03671932220459; CER: 0.9973451495170593; WER: 1.0; val_loss: 13.07453727722168; val_CER: 1.0; val_WER: 1.0
2023-10-26 18:10:07,204 - root - INFO - Epoch 34; loss: 13.014589309692383; CER: 0.9982300996780396; WER: 1.0; val_loss: 13.172069549560547; val_CER: 1.0; val_WER: 1.0
2023-10-26 18:10:15,470 - root - INFO - Epoch 35; loss: 13.028529167175293; CER: 0.9982300996780396; WER: 1.0; val_loss: 13.070444107055664; val_CER: 1.0; val_WER: 1.0
2023-10-26 18:10:23,726 - root - INFO - Epoch 36; loss: 13.033687591552734; CER: 0.9964602589607239; WER: 1.0; val_loss: 13.152005195617676; val_CER: 1.0; val_WER: 1.0
2023-10-26 18:10:32,065 - root - INFO - Epoch 37; loss: 12.97655963897705; CER: 0.9964601397514343; WER: 1.0; val_loss: 13.148741722106934; val_CER: 1.0; val_WER: 1.0
2023-10-26 18:10:40,480 - root - INFO - Epoch 38; loss: 12.997763633728027; CER: 0.9849558472633362; WER: 1.0; val_loss: 13.119462013244629; val_CER: 1.0; val_WER: 1.0
2023-10-26 18:10:48,906 - root - INFO - Epoch 39; loss: 12.978294372558594; CER: 0.9946902990341187; WER: 1.0; val_loss: 12.998625755310059; val_CER: 1.0; val_WER: 1.0
2023-10-26 18:10:57,167 - root - INFO - Epoch 40; loss: 12.985713005065918; CER: 0.9867257475852966; WER: 1.0; val_loss: 12.996318817138672; val_CER: 1.0; val_WER: 1.0
2023-10-26 18:11:05,664 - root - INFO - Epoch 41; loss: 12.93150520324707; CER: 0.9867257475852966; WER: 1.0; val_loss: 12.998966217041016; val_CER: 1.0; val_WER: 1.0
2023-10-26 18:11:13,828 - root - INFO - Epoch 42; loss: 12.948673248291016; CER: 0.9849557876586914; WER: 1.0; val_loss: 12.958038330078125; val_CER: 1.0; val_WER: 1.0
2023-10-26 18:11:22,165 - root - INFO - Epoch 43; loss: 12.92901611328125; CER: 0.9672566056251526; WER: 1.0; val_loss: 12.977228164672852; val_CER: 1.0; val_WER: 1.0
2023-10-26 18:11:30,519 - root - INFO - Epoch 44; loss: 12.896273612976074; CER: 0.9654867053031921; WER: 1.0; val_loss: 12.892409324645996; val_CER: 1.0; val_WER: 1.0
2023-10-26 18:11:38,912 - root - INFO - Epoch 45; loss: 12.94670295715332; CER: 0.9592919945716858; WER: 1.0; val_loss: 12.939002990722656; val_CER: 1.0; val_WER: 1.0
2023-10-26 18:11:47,255 - root - INFO - Epoch 46; loss: 12.901016235351562; CER: 0.9513274431228638; WER: 1.0; val_loss: 13.040960311889648; val_CER: 1.0; val_WER: 1.0
2023-10-26 18:11:55,554 - root - INFO - Epoch 47; loss: 12.899500846862793; CER: 0.9584070444107056; WER: 1.0; val_loss: 12.96350383758545; val_CER: 1.0; val_WER: 1.0
2023-10-26 18:12:04,248 - root - INFO - Epoch 48; loss: 12.880029678344727; CER: 0.9557521939277649; WER: 1.0; val_loss: 12.936660766601562; val_CER: 0.9230769276618958; val_WER: 1.0
2023-10-26 18:12:12,775 - root - INFO - Epoch 49; loss: 12.931353569030762; CER: 0.9398229122161865; WER: 1.0; val_loss: 12.959037780761719; val_CER: 0.9076922535896301; val_WER: 1.0
2023-10-26 18:12:21,150 - root - INFO - Epoch 50; loss: 12.860076904296875; CER: 0.9433627724647522; WER: 1.0; val_loss: 12.967345237731934; val_CER: 0.9153845906257629; val_WER: 1.0
2023-10-26 18:12:29,471 - root - INFO - Epoch 51; loss: 12.878108024597168; CER: 0.9300884008407593; WER: 1.0; val_loss: 12.926200866699219; val_CER: 0.9076922535896301; val_WER: 1.0
2023-10-26 18:12:37,848 - root - INFO - Epoch 52; loss: 12.878296852111816; CER: 0.9230087399482727; WER: 1.0; val_loss: 12.933781623840332; val_CER: 0.9076922535896301; val_WER: 1.0
2023-10-26 18:12:46,215 - root - INFO - Epoch 53; loss: 12.869586944580078; CER: 0.9283186793327332; WER: 1.0; val_loss: 12.985611915588379; val_CER: 0.9076922535896301; val_WER: 1.0
2023-10-26 18:12:54,584 - root - INFO - Epoch 54; loss: 12.836698532104492; CER: 0.9212390184402466; WER: 1.0; val_loss: 12.992487907409668; val_CER: 0.9076922535896301; val_WER: 1.0
2023-10-26 18:13:02,861 - root - INFO - Epoch 55; loss: 12.811039924621582; CER: 0.9256637096405029; WER: 1.0; val_loss: 13.083674430847168; val_CER: 0.9076923131942749; val_WER: 1.0
2023-10-26 18:13:10,986 - root - INFO - Epoch 56; loss: 12.843032836914062; CER: 0.9185841083526611; WER: 1.0; val_loss: 12.87116813659668; val_CER: 0.9076922535896301; val_WER: 1.0
2023-10-26 18:13:19,565 - root - INFO - Epoch 57; loss: 12.85417366027832; CER: 0.9115044474601746; WER: 1.0; val_loss: 12.884302139282227; val_CER: 0.892307698726654; val_WER: 1.0
2023-10-26 18:13:27,850 - root - INFO - Epoch 58; loss: 12.834293365478516; CER: 0.9097345471382141; WER: 1.0; val_loss: 12.811344146728516; val_CER: 0.9076922535896301; val_WER: 1.0
2023-10-26 18:13:36,167 - root - INFO - Epoch 59; loss: 12.84193229675293; CER: 0.9150442481040955; WER: 1.0; val_loss: 12.902995109558105; val_CER: 0.9153845906257629; val_WER: 1.0
2023-10-26 18:13:44,510 - root - INFO - Epoch 60; loss: 12.826671600341797; CER: 0.9097344875335693; WER: 1.0; val_loss: 12.848679542541504; val_CER: 0.9307692646980286; val_WER: 1.0
2023-10-26 18:13:52,865 - root - INFO - Epoch 61; loss: 12.814576148986816; CER: 0.9097345471382141; WER: 1.0; val_loss: 12.886800765991211; val_CER: 0.9153845906257629; val_WER: 1.0
2023-10-26 18:14:01,226 - root - INFO - Epoch 62; loss: 12.814648628234863; CER: 0.9053097367286682; WER: 1.0; val_loss: 12.995495796203613; val_CER: 0.9076922535896301; val_WER: 1.0
2023-10-26 18:14:09,406 - root - INFO - Epoch 63; loss: 12.782408714294434; CER: 0.9088495373725891; WER: 1.0; val_loss: 12.73765754699707; val_CER: 0.9307692050933838; val_WER: 1.0
2023-10-26 18:14:17,686 - root - INFO - Epoch 64; loss: 12.792366981506348; CER: 0.9035398960113525; WER: 1.0; val_loss: 12.765092849731445; val_CER: 0.9230769276618958; val_WER: 1.0
2023-10-26 18:14:26,044 - root - INFO - Epoch 65; loss: 12.799118995666504; CER: 0.9159291982650757; WER: 1.0; val_loss: 12.849366188049316; val_CER: 0.9076922535896301; val_WER: 1.0
2023-10-26 18:14:34,338 - root - INFO - Epoch 66; loss: 12.718202590942383; CER: 0.8982300162315369; WER: 1.0; val_loss: 12.856830596923828; val_CER: 0.9076922535896301; val_WER: 1.0
2023-10-26 18:14:42,673 - root - INFO - Epoch 67; loss: 12.794844627380371; CER: 0.9088495969772339; WER: 1.0; val_loss: 12.809226989746094; val_CER: 0.9076922535896301; val_WER: 1.0
2023-10-26 18:14:50,980 - root - INFO - Epoch 68; loss: 12.740738868713379; CER: 0.9053096771240234; WER: 1.0; val_loss: 12.90742015838623; val_CER: 0.9153845906257629; val_WER: 1.0
2023-10-26 18:14:59,276 - root - INFO - Epoch 69; loss: 12.679413795471191; CER: 0.9088495373725891; WER: 1.0; val_loss: 12.751934051513672; val_CER: 0.9153845906257629; val_WER: 1.0
2023-10-26 18:15:07,419 - root - INFO - Epoch 70; loss: 12.699843406677246; CER: 0.9053097367286682; WER: 1.0; val_loss: 12.737289428710938; val_CER: 0.9230769276618958; val_WER: 1.0
2023-10-26 18:15:15,523 - root - INFO - Epoch 71; loss: 12.686300277709961; CER: 0.8929203152656555; WER: 1.0; val_loss: 12.71101188659668; val_CER: 0.9230769276618958; val_WER: 1.0
2023-10-26 18:15:24,016 - root - INFO - Epoch 72; loss: 12.630406379699707; CER: 0.8893805146217346; WER: 1.0; val_loss: 12.409468650817871; val_CER: 0.8846153616905212; val_WER: 1.0
2023-10-26 18:15:32,281 - root - INFO - Epoch 73; loss: 12.652068138122559; CER: 0.8911504149436951; WER: 1.0; val_loss: 12.450364112854004; val_CER: 0.8999999761581421; val_WER: 1.0
2023-10-26 18:15:40,613 - root - INFO - Epoch 74; loss: 12.546904563903809; CER: 0.8920354247093201; WER: 1.0; val_loss: 12.830299377441406; val_CER: 0.9230769276618958; val_WER: 1.0
2023-10-26 18:15:48,891 - root - INFO - Epoch 75; loss: 12.408858299255371; CER: 0.8681415319442749; WER: 1.0; val_loss: 12.599947929382324; val_CER: 0.9384615421295166; val_WER: 1.0
2023-10-26 18:15:57,230 - root - INFO - Epoch 76; loss: 12.310098648071289; CER: 0.8601770401000977; WER: 1.0; val_loss: 13.008967399597168; val_CER: 0.9153845906257629; val_WER: 1.0
2023-10-26 18:16:06,027 - root - INFO - Epoch 77; loss: 12.215951919555664; CER: 0.8336282968521118; WER: 1.0; val_loss: 13.240479469299316; val_CER: 0.8769230246543884; val_WER: 1.0
2023-10-26 18:16:14,500 - root - INFO - Epoch 78; loss: 12.248346328735352; CER: 0.8292036056518555; WER: 1.0; val_loss: 12.986108779907227; val_CER: 0.8230769038200378; val_WER: 1.0
2023-10-26 18:16:23,010 - root - INFO - Epoch 79; loss: 12.101150512695312; CER: 0.8026548624038696; WER: 1.0; val_loss: 12.67016887664795; val_CER: 0.8153846263885498; val_WER: 1.0
2023-10-26 18:16:31,538 - root - INFO - Epoch 80; loss: 11.916974067687988; CER: 0.8026549220085144; WER: 1.0; val_loss: 11.629960060119629; val_CER: 0.8000000715255737; val_WER: 1.0
2023-10-26 18:16:39,899 - root - INFO - Epoch 81; loss: 11.649516105651855; CER: 0.7876105904579163; WER: 1.0; val_loss: 11.615679740905762; val_CER: 0.807692289352417; val_WER: 1.0
2023-10-26 18:16:48,161 - root - INFO - Epoch 82; loss: 11.520447731018066; CER: 0.7796459794044495; WER: 1.0; val_loss: 12.091615676879883; val_CER: 0.8153846263885498; val_WER: 1.0
2023-10-26 18:16:56,728 - root - INFO - Epoch 83; loss: 11.430243492126465; CER: 0.7902655005455017; WER: 1.0; val_loss: 10.922322273254395; val_CER: 0.7769230604171753; val_WER: 1.0
2023-10-26 18:17:05,146 - root - INFO - Epoch 84; loss: 11.094408988952637; CER: 0.753097414970398; WER: 1.0; val_loss: 10.76239013671875; val_CER: 0.7230769395828247; val_WER: 1.0
2023-10-26 18:17:13,291 - root - INFO - Epoch 85; loss: 10.944944381713867; CER: 0.7362832427024841; WER: 1.0; val_loss: 10.594449043273926; val_CER: 0.7615384459495544; val_WER: 1.0
2023-10-26 18:17:21,506 - root - INFO - Epoch 86; loss: 10.885847091674805; CER: 0.7477875351905823; WER: 0.9955752491950989; val_loss: 11.030482292175293; val_CER: 0.7769231200218201; val_WER: 1.0
2023-10-26 18:17:29,801 - root - INFO - Epoch 87; loss: 10.616012573242188; CER: 0.7336283326148987; WER: 0.9955752491950989; val_loss: 11.41101360321045; val_CER: 0.807692289352417; val_WER: 1.0
2023-10-26 18:17:38,124 - root - INFO - Epoch 88; loss: 10.409771919250488; CER: 0.7176991701126099; WER: 0.991150438785553; val_loss: 12.00320816040039; val_CER: 0.7846153974533081; val_WER: 1.0
2023-10-26 18:17:46,400 - root - INFO - Epoch 89; loss: 10.089473724365234; CER: 0.682300865650177; WER: 0.9867256879806519; val_loss: 10.863300323486328; val_CER: 0.7538461685180664; val_WER: 1.0
2023-10-26 18:17:54,983 - root - INFO - Epoch 90; loss: 10.199023246765137; CER: 0.7061946392059326; WER: 0.9955752491950989; val_loss: 9.669160842895508; val_CER: 0.6384615302085876; val_WER: 1.0
2023-10-26 18:18:03,444 - root - INFO - Epoch 91; loss: 9.981488227844238; CER: 0.6973451375961304; WER: 0.9955752491950989; val_loss: 9.963401794433594; val_CER: 0.7230768799781799; val_WER: 1.0
2023-10-26 18:18:11,596 - root - INFO - Epoch 92; loss: 9.495158195495605; CER: 0.665486752986908; WER: 0.991150438785553; val_loss: 10.869867324829102; val_CER: 0.7076922655105591; val_WER: 1.0
2023-10-26 18:18:19,852 - root - INFO - Epoch 93; loss: 9.342594146728516; CER: 0.65309739112854; WER: 0.9955752491950989; val_loss: 11.547131538391113; val_CER: 0.7615384459495544; val_WER: 1.0
2023-10-26 18:18:28,154 - root - INFO - Epoch 94; loss: 9.129659652709961; CER: 0.6380531787872314; WER: 0.9867256879806519; val_loss: 11.744155883789062; val_CER: 0.7307692170143127; val_WER: 1.0
2023-10-26 18:18:36,449 - root - INFO - Epoch 95; loss: 8.777981758117676; CER: 0.6097345352172852; WER: 0.9955752491950989; val_loss: 9.479100227355957; val_CER: 0.6384615302085876; val_WER: 1.0
2023-10-26 18:18:44,814 - root - INFO - Epoch 96; loss: 8.87297534942627; CER: 0.627433717250824; WER: 0.9867256879806519; val_loss: 12.746888160705566; val_CER: 0.7769231200218201; val_WER: 1.0
2023-10-26 18:18:53,057 - root - INFO - Epoch 97; loss: 8.539644241333008; CER: 0.5840708017349243; WER: 0.9778761267662048; val_loss: 12.273890495300293; val_CER: 0.7307692170143127; val_WER: 1.0
2023-10-26 18:19:01,405 - root - INFO - Epoch 98; loss: 8.579341888427734; CER: 0.5911504626274109; WER: 0.9778761267662048; val_loss: 9.002321243286133; val_CER: 0.684615433216095; val_WER: 1.0
2023-10-26 18:19:09,507 - root - INFO - Epoch 99; loss: 8.181519508361816; CER: 0.5752212405204773; WER: 0.9646017551422119; val_loss: 10.87114143371582; val_CER: 0.7538461685180664; val_WER: 1.0
2023-10-26 18:19:17,637 - root - INFO - Epoch 100; loss: 7.66765832901001; CER: 0.530973494052887; WER: 0.9690265655517578; val_loss: 12.22754192352295; val_CER: 0.7692307829856873; val_WER: 1.0
2023-10-26 18:19:25,941 - root - INFO - Epoch 101; loss: 8.131741523742676; CER: 0.5734512805938721; WER: 0.9557521939277649; val_loss: 13.000223159790039; val_CER: 0.7615384459495544; val_WER: 1.0
2023-10-26 18:19:34,250 - root - INFO - Epoch 102; loss: 7.960188865661621; CER: 0.546902596950531; WER: 0.9513274431228638; val_loss: 12.339158058166504; val_CER: 0.7461538910865784; val_WER: 1.0
2023-10-26 18:19:42,535 - root - INFO - Epoch 103; loss: 7.808563232421875; CER: 0.5353982448577881; WER: 0.9424778819084167; val_loss: 9.749221801757812; val_CER: 0.6769230961799622; val_WER: 1.0
2023-10-26 18:19:50,771 - root - INFO - Epoch 104; loss: 7.5235466957092285; CER: 0.5256636738777161; WER: 0.9513274431228638; val_loss: 10.117096900939941; val_CER: 0.692307710647583; val_WER: 1.0
2023-10-26 18:19:59,066 - root - INFO - Epoch 105; loss: 7.095172882080078; CER: 0.4725664258003235; WER: 0.9380530714988708; val_loss: 11.46428394317627; val_CER: 0.7307692170143127; val_WER: 1.0
2023-10-26 18:20:07,592 - root - INFO - Epoch 106; loss: 7.079288959503174; CER: 0.4849557876586914; WER: 0.9203540086746216; val_loss: 10.926173210144043; val_CER: 0.7307692170143127; val_WER: 1.0
2023-10-26 18:20:16,055 - root - INFO - Epoch 107; loss: 6.515636444091797; CER: 0.44513270258903503; WER: 0.8938053250312805; val_loss: 8.081890106201172; val_CER: 0.6307693123817444; val_WER: 1.0
2023-10-26 18:20:24,322 - root - INFO - Epoch 108; loss: 6.839735507965088; CER: 0.4707964360713959; WER: 0.8849557638168335; val_loss: 10.292296409606934; val_CER: 0.6846153736114502; val_WER: 1.0
2023-10-26 18:20:32,855 - root - INFO - Epoch 109; loss: 6.8559064865112305; CER: 0.47787609696388245; WER: 0.9159291982650757; val_loss: 8.668145179748535; val_CER: 0.6307691931724548; val_WER: 1.0
2023-10-26 18:20:41,380 - root - INFO - Epoch 110; loss: 6.474409103393555; CER: 0.43893808126449585; WER: 0.8628318309783936; val_loss: 7.262848377227783; val_CER: 0.5; val_WER: 1.0
2023-10-26 18:20:49,620 - root - INFO - Epoch 111; loss: 6.048156261444092; CER: 0.4132743775844574; WER: 0.8628318309783936; val_loss: 7.4829511642456055; val_CER: 0.5076923370361328; val_WER: 1.0
2023-10-26 18:20:57,904 - root - INFO - Epoch 112; loss: 6.416567802429199; CER: 0.44601771235466003; WER: 0.8938053250312805; val_loss: 9.128949165344238; val_CER: 0.6230769753456116; val_WER: 1.0
2023-10-26 18:21:06,391 - root - INFO - Epoch 113; loss: 5.870326995849609; CER: 0.39380529522895813; WER: 0.8716813921928406; val_loss: 10.00944709777832; val_CER: 0.6307691931724548; val_WER: 1.0
2023-10-26 18:21:14,464 - root - INFO - Epoch 114; loss: 6.052741050720215; CER: 0.4265487492084503; WER: 0.8584070801734924; val_loss: 8.095686912536621; val_CER: 0.5769230723381042; val_WER: 1.0
2023-10-26 18:21:22,747 - root - INFO - Epoch 115; loss: 6.057036399841309; CER: 0.41504424810409546; WER: 0.8185840845108032; val_loss: 7.441013336181641; val_CER: 0.5230769515037537; val_WER: 1.0
2023-10-26 18:21:31,018 - root - INFO - Epoch 116; loss: 5.890293598175049; CER: 0.39823007583618164; WER: 0.8495575189590454; val_loss: 9.834444999694824; val_CER: 0.6615384817123413; val_WER: 1.0
2023-10-26 18:21:39,345 - root - INFO - Epoch 117; loss: 5.774848937988281; CER: 0.38761061429977417; WER: 0.8407079577445984; val_loss: 6.744845390319824; val_CER: 0.5076923370361328; val_WER: 0.9615384340286255
2023-10-26 18:21:47,921 - root - INFO - Epoch 118; loss: 5.549689292907715; CER: 0.36637169122695923; WER: 0.8053097128868103; val_loss: 5.748934745788574; val_CER: 0.38461539149284363; val_WER: 0.9230769276618958
2023-10-26 18:21:56,194 - root - INFO - Epoch 119; loss: 5.088094711303711; CER: 0.3522123694419861; WER: 0.7654867172241211; val_loss: 5.576831340789795; val_CER: 0.4153846204280853; val_WER: 0.9230769276618958
2023-10-26 18:22:04,508 - root - INFO - Epoch 120; loss: 5.1775431632995605; CER: 0.36283186078071594; WER: 0.769911527633667; val_loss: 7.137413501739502; val_CER: 0.49230772256851196; val_WER: 0.9615384340286255
2023-10-26 18:22:12,947 - root - INFO - Epoch 121; loss: 5.295363426208496; CER: 0.3469026982784271; WER: 0.7920354008674622; val_loss: 5.2302374839782715; val_CER: 0.3692307770252228; val_WER: 0.8461538553237915
2023-10-26 18:22:21,507 - root - INFO - Epoch 122; loss: 5.284207820892334; CER: 0.350442498922348; WER: 0.7654867172241211; val_loss: 4.200411319732666; val_CER: 0.30000001192092896; val_WER: 0.807692289352417
2023-10-26 18:22:30,032 - root - INFO - Epoch 123; loss: 5.183940887451172; CER: 0.36637169122695923; WER: 0.7920354008674622; val_loss: 3.848139762878418; val_CER: 0.23846152424812317; val_WER: 0.807692289352417
2023-10-26 18:22:38,375 - root - INFO - Epoch 124; loss: 4.5358147621154785; CER: 0.3123893737792969; WER: 0.730088472366333; val_loss: 3.8138175010681152; val_CER: 0.23846155405044556; val_WER: 0.7692307829856873
2023-10-26 18:22:46,979 - root - INFO - Epoch 125; loss: 4.884023666381836; CER: 0.332743376493454; WER: 0.778761088848114; val_loss: 3.8327443599700928; val_CER: 0.23076923191547394; val_WER: 0.7692307829856873
2023-10-26 18:22:55,277 - root - INFO - Epoch 126; loss: 4.266885757446289; CER: 0.2973451316356659; WER: 0.730088472366333; val_loss: 6.3754963874816895; val_CER: 0.4923076927661896; val_WER: 0.9230769276618958
2023-10-26 18:23:04,074 - root - INFO - Epoch 127; loss: 4.615848541259766; CER: 0.31504422426223755; WER: 0.7433628439903259; val_loss: 2.8080434799194336; val_CER: 0.16923078894615173; val_WER: 0.692307710647583
2023-10-26 18:23:12,222 - root - INFO - Epoch 128; loss: 4.796987056732178; CER: 0.3371681571006775; WER: 0.76106196641922; val_loss: 4.204455375671387; val_CER: 0.33076924085617065; val_WER: 0.8846153616905212
2023-10-26 18:23:20,458 - root - INFO - Epoch 129; loss: 4.654084205627441; CER: 0.3097345232963562; WER: 0.7256637215614319; val_loss: 4.069783687591553; val_CER: 0.30000001192092896; val_WER: 0.8846153616905212
2023-10-26 18:23:28,781 - root - INFO - Epoch 130; loss: 4.244244575500488; CER: 0.29646018147468567; WER: 0.6946902871131897; val_loss: 4.3417253494262695; val_CER: 0.3538461923599243; val_WER: 0.9230769276618958
2023-10-26 18:23:37,110 - root - INFO - Epoch 131; loss: 4.358942985534668; CER: 0.30265486240386963; WER: 0.7256637215614319; val_loss: 3.024045467376709; val_CER: 0.2230769246816635; val_WER: 0.7307692170143127
2023-10-26 18:23:45,381 - root - INFO - Epoch 132; loss: 4.25764274597168; CER: 0.29203540086746216; WER: 0.7123894095420837; val_loss: 2.7296359539031982; val_CER: 0.1846153885126114; val_WER: 0.7307692170143127
2023-10-26 18:23:53,959 - root - INFO - Epoch 133; loss: 4.099523067474365; CER: 0.2734513282775879; WER: 0.6637167930603027; val_loss: 2.5284616947174072; val_CER: 0.1538461595773697; val_WER: 0.5769230723381042
2023-10-26 18:24:02,326 - root - INFO - Epoch 134; loss: 3.5400819778442383; CER: 0.22831858694553375; WER: 0.6017699241638184; val_loss: 3.187814712524414; val_CER: 0.20769231021404266; val_WER: 0.692307710647583
2023-10-26 18:24:10,769 - root - INFO - Epoch 135; loss: 4.0966291427612305; CER: 0.27168142795562744; WER: 0.6371681690216064; val_loss: 2.0691816806793213; val_CER: 0.1230769231915474; val_WER: 0.5
2023-10-26 18:24:19,033 - root - INFO - Epoch 136; loss: 3.5487256050109863; CER: 0.2345132678747177; WER: 0.6238937973976135; val_loss: 2.849825143814087; val_CER: 0.20000001788139343; val_WER: 0.692307710647583
2023-10-26 18:24:27,326 - root - INFO - Epoch 137; loss: 3.6812093257904053; CER: 0.2469026744365692; WER: 0.6504424810409546; val_loss: 2.432950735092163; val_CER: 0.1846153885126114; val_WER: 0.7307692170143127
2023-10-26 18:24:35,598 - root - INFO - Epoch 138; loss: 3.568610668182373; CER: 0.23539823293685913; WER: 0.5884955525398254; val_loss: 2.3566887378692627; val_CER: 0.1230769231915474; val_WER: 0.4615384638309479
2023-10-26 18:24:43,954 - root - INFO - Epoch 139; loss: 3.633923053741455; CER: 0.2495575100183487; WER: 0.6061946749687195; val_loss: 2.941504955291748; val_CER: 0.17692306637763977; val_WER: 0.6538461446762085
2023-10-26 18:24:52,289 - root - INFO - Epoch 140; loss: 3.5082130432128906; CER: 0.2460177093744278; WER: 0.6283186078071594; val_loss: 3.1494956016540527; val_CER: 0.23846152424812317; val_WER: 0.6538461446762085
2023-10-26 18:25:00,611 - root - INFO - Epoch 141; loss: 3.2112464904785156; CER: 0.21504426002502441; WER: 0.5663716793060303; val_loss: 2.875725746154785; val_CER: 0.1846153885126114; val_WER: 0.6153846383094788
2023-10-26 18:25:09,068 - root - INFO - Epoch 142; loss: 3.6957292556762695; CER: 0.2530973553657532; WER: 0.6061946749687195; val_loss: 3.2200515270233154; val_CER: 0.2230769246816635; val_WER: 0.7307692170143127
2023-10-26 18:25:17,213 - root - INFO - Epoch 143; loss: 3.2265124320983887; CER: 0.21504424512386322; WER: 0.5398229956626892; val_loss: 2.6400039196014404; val_CER: 0.19999998807907104; val_WER: 0.6153846383094788
2023-10-26 18:25:25,500 - root - INFO - Epoch 144; loss: 3.4420251846313477; CER: 0.2221238911151886; WER: 0.6194690465927124; val_loss: 2.4155635833740234; val_CER: 0.14615385234355927; val_WER: 0.5
2023-10-26 18:25:34,051 - root - INFO - Epoch 145; loss: 3.026560068130493; CER: 0.20707964897155762; WER: 0.5486725568771362; val_loss: 2.393754005432129; val_CER: 0.11538461595773697; val_WER: 0.4615384638309479
2023-10-26 18:25:42,368 - root - INFO - Epoch 146; loss: 3.183027744293213; CER: 0.21150444447994232; WER: 0.5929203629493713; val_loss: 1.9090330600738525; val_CER: 0.14615385234355927; val_WER: 0.5769230723381042
2023-10-26 18:25:50,615 - root - INFO - Epoch 147; loss: 2.9252331256866455; CER: 0.20442479848861694; WER: 0.5353982448577881; val_loss: 1.8631330728530884; val_CER: 0.1538461595773697; val_WER: 0.5769230723381042
2023-10-26 18:25:59,145 - root - INFO - Epoch 148; loss: 2.88370418548584; CER: 0.20000000298023224; WER: 0.5663716793060303; val_loss: 1.6209603548049927; val_CER: 0.10000000894069672; val_WER: 0.42307692766189575
2023-10-26 18:26:07,678 - root - INFO - Epoch 149; loss: 3.1690526008605957; CER: 0.21592919528484344; WER: 0.5353982448577881; val_loss: 2.557713270187378; val_CER: 0.19230769574642181; val_WER: 0.7307692170143127
2023-10-26 18:26:09,525 - tf2onnx.tf_loader - WARNING - Could not search for non-variable resources. Concrete function internal representation may have changed.
2023-10-26 18:26:12,953 - tf2onnx.tfonnx - INFO - Using tensorflow=2.14.0, onnx=1.14.1, tf2onnx=1.15.1/37820d
2023-10-26 18:26:12,954 - tf2onnx.tfonnx - INFO - Using opset <onnx, 15>
2023-10-26 18:26:13,249 - tf2onnx.tf_utils - INFO - Computed 0 values for constant folding
2023-10-26 18:26:13,266 - tf2onnx.tf_utils - INFO - Computed 0 values for constant folding
2023-10-26 18:26:13,281 - tf2onnx.tf_utils - INFO - Computed 0 values for constant folding
2023-10-26 18:26:13,288 - tf2onnx.tf_utils - INFO - Computed 0 values for constant folding
2023-10-26 18:26:13,371 - tf2onnx.tf_utils - INFO - Computed 2 values for constant folding
2023-10-26 18:26:13,583 - tf2onnx.tfonnx - INFO - folding node using tf type=StridedSlice, name=model/bidirectional/forward_lstm/PartitionedCall/strided_slice
2023-10-26 18:26:13,584 - tf2onnx.tfonnx - INFO - folding node using tf type=StridedSlice, name=model/bidirectional/backward_lstm/PartitionedCall/strided_slice
2023-10-26 18:26:13,853 - tf2onnx.optimizer - INFO - Optimizing ONNX model
2023-10-26 18:26:15,275 - tf2onnx.optimizer - INFO - After optimization: BatchNormalization -18 (18->0), Cast -4 (11->7), Concat -4 (10->6), Const -128 (194->66), Expand -3 (4->1), Gather +2 (2->4), Identity -2 (2->0), Shape -1 (4->3), Slice -1 (5->4), Squeeze -3 (5->2), Transpose -83 (87->4), Unsqueeze -14 (17->3)
