2023-10-26 17:02:13,638 - tensorflow - WARNING - Callback method `on_train_batch_end` is slow compared to the batch time (batch time: 0.4622s vs `on_train_batch_end` time: 0.6920s). Check your callbacks.
2023-10-26 17:02:22,960 - root - INFO - Epoch 0; loss: 25.36043357849121; CER: 1.3938052654266357; WER: 1.0; val_loss: 17.385652542114258; val_CER: 1.0; val_WER: 1.0
2023-10-26 17:02:32,255 - root - INFO - Epoch 1; loss: 13.684615135192871; CER: 1.0; WER: 1.0; val_loss: 13.556675910949707; val_CER: 1.0; val_WER: 1.0
2023-10-26 17:02:40,604 - root - INFO - Epoch 2; loss: 13.303693771362305; CER: 1.0; WER: 1.0; val_loss: 13.600237846374512; val_CER: 1.0; val_WER: 1.0
2023-10-26 17:02:50,426 - root - INFO - Epoch 3; loss: 13.206347465515137; CER: 1.0; WER: 1.0; val_loss: 13.343719482421875; val_CER: 1.0; val_WER: 1.0
2023-10-26 17:03:00,406 - root - INFO - Epoch 4; loss: 13.194533348083496; CER: 1.0; WER: 1.0; val_loss: 13.386909484863281; val_CER: 1.0; val_WER: 1.0
2023-10-26 17:03:08,968 - root - INFO - Epoch 5; loss: 13.211088180541992; CER: 1.0; WER: 1.0; val_loss: 13.341446876525879; val_CER: 1.0; val_WER: 1.0
2023-10-26 17:03:17,044 - root - INFO - Epoch 6; loss: 13.217859268188477; CER: 1.0; WER: 1.0; val_loss: 13.325173377990723; val_CER: 1.0; val_WER: 1.0
2023-10-26 17:03:25,259 - root - INFO - Epoch 7; loss: 13.216707229614258; CER: 1.0; WER: 1.0; val_loss: 13.33915901184082; val_CER: 1.0; val_WER: 1.0
2023-10-26 17:03:33,454 - root - INFO - Epoch 8; loss: 13.200884819030762; CER: 1.0; WER: 1.0; val_loss: 13.339761734008789; val_CER: 1.0; val_WER: 1.0
2023-10-26 17:03:41,956 - root - INFO - Epoch 9; loss: 13.1676664352417; CER: 1.0; WER: 1.0; val_loss: 13.319477081298828; val_CER: 1.0; val_WER: 1.0
2023-10-26 17:03:50,311 - root - INFO - Epoch 10; loss: 13.200778007507324; CER: 1.0; WER: 1.0; val_loss: 13.326369285583496; val_CER: 1.0; val_WER: 1.0
2023-10-26 17:03:58,660 - root - INFO - Epoch 11; loss: 13.170450210571289; CER: 1.0; WER: 1.0; val_loss: 13.298829078674316; val_CER: 1.0; val_WER: 1.0
2023-10-26 17:04:07,019 - root - INFO - Epoch 12; loss: 13.189444541931152; CER: 1.0; WER: 1.0; val_loss: 13.328447341918945; val_CER: 1.0; val_WER: 1.0
2023-10-26 17:04:15,345 - root - INFO - Epoch 13; loss: 13.173235893249512; CER: 1.0; WER: 1.0; val_loss: 13.315792083740234; val_CER: 1.0; val_WER: 1.0
2023-10-26 17:04:23,746 - root - INFO - Epoch 14; loss: 13.159041404724121; CER: 1.0; WER: 1.0; val_loss: 13.274663925170898; val_CER: 1.0; val_WER: 1.0
2023-10-26 17:04:32,284 - root - INFO - Epoch 15; loss: 13.13995361328125; CER: 1.0; WER: 1.0; val_loss: 13.321612358093262; val_CER: 1.0; val_WER: 1.0
2023-10-26 17:04:40,739 - root - INFO - Epoch 16; loss: 13.182319641113281; CER: 1.0; WER: 1.0; val_loss: 13.254029273986816; val_CER: 1.0; val_WER: 1.0
2023-10-26 17:04:49,263 - root - INFO - Epoch 17; loss: 13.132744789123535; CER: 1.0; WER: 1.0; val_loss: 13.306303024291992; val_CER: 1.0; val_WER: 1.0
2023-10-26 17:04:57,656 - root - INFO - Epoch 18; loss: 13.162079811096191; CER: 1.0; WER: 1.0; val_loss: 13.269253730773926; val_CER: 1.0; val_WER: 1.0
2023-10-26 17:05:05,931 - root - INFO - Epoch 19; loss: 13.158334732055664; CER: 1.0; WER: 1.0; val_loss: 13.244829177856445; val_CER: 1.0; val_WER: 1.0
2023-10-26 17:05:14,151 - root - INFO - Epoch 20; loss: 13.14675521850586; CER: 1.0; WER: 1.0; val_loss: 13.199163436889648; val_CER: 1.0; val_WER: 1.0
2023-10-26 17:05:22,641 - root - INFO - Epoch 21; loss: 13.155730247497559; CER: 1.0; WER: 1.0; val_loss: 13.249421119689941; val_CER: 1.0; val_WER: 1.0
2023-10-26 17:05:31,123 - root - INFO - Epoch 22; loss: 13.143500328063965; CER: 1.0; WER: 1.0; val_loss: 13.244274139404297; val_CER: 1.0; val_WER: 1.0
2023-10-26 17:05:39,530 - root - INFO - Epoch 23; loss: 13.177221298217773; CER: 1.0; WER: 1.0; val_loss: 13.213375091552734; val_CER: 1.0; val_WER: 1.0
2023-10-26 17:05:47,998 - root - INFO - Epoch 24; loss: 13.191407203674316; CER: 1.0; WER: 1.0; val_loss: 13.203835487365723; val_CER: 1.0; val_WER: 1.0
2023-10-26 17:05:56,321 - root - INFO - Epoch 25; loss: 13.170210838317871; CER: 1.0; WER: 1.0; val_loss: 13.164732933044434; val_CER: 1.0; val_WER: 1.0
2023-10-26 17:06:04,917 - root - INFO - Epoch 26; loss: 13.137073516845703; CER: 1.0; WER: 1.0; val_loss: 13.192094802856445; val_CER: 1.0; val_WER: 1.0
2023-10-26 17:06:13,197 - root - INFO - Epoch 27; loss: 13.158279418945312; CER: 1.0; WER: 1.0; val_loss: 13.164615631103516; val_CER: 1.0; val_WER: 1.0
2023-10-26 17:06:21,564 - root - INFO - Epoch 28; loss: 13.133514404296875; CER: 1.0; WER: 1.0; val_loss: 13.202790260314941; val_CER: 1.0; val_WER: 1.0
2023-10-26 17:06:29,911 - root - INFO - Epoch 29; loss: 13.113241195678711; CER: 1.0; WER: 1.0; val_loss: 13.250404357910156; val_CER: 1.0; val_WER: 1.0
2023-10-26 17:06:38,264 - root - INFO - Epoch 30; loss: 13.123812675476074; CER: 1.0; WER: 1.0; val_loss: 13.146547317504883; val_CER: 1.0; val_WER: 1.0
2023-10-26 17:06:46,700 - root - INFO - Epoch 31; loss: 13.135285377502441; CER: 1.0; WER: 1.0; val_loss: 13.175680160522461; val_CER: 1.0; val_WER: 1.0
2023-10-26 17:06:55,173 - root - INFO - Epoch 32; loss: 13.115117073059082; CER: 1.0; WER: 1.0; val_loss: 13.180672645568848; val_CER: 1.0; val_WER: 1.0
2023-10-26 17:07:03,676 - root - INFO - Epoch 33; loss: 13.11036205291748; CER: 1.0; WER: 1.0; val_loss: 13.15778923034668; val_CER: 1.0; val_WER: 1.0
2023-10-26 17:07:12,339 - root - INFO - Epoch 34; loss: 13.121164321899414; CER: 1.0; WER: 1.0; val_loss: 13.191178321838379; val_CER: 1.0; val_WER: 1.0
2023-10-26 17:07:20,545 - root - INFO - Epoch 35; loss: 13.08935260772705; CER: 1.0; WER: 1.0; val_loss: 13.260152816772461; val_CER: 1.0; val_WER: 1.0
2023-10-26 17:07:29,203 - root - INFO - Epoch 36; loss: 13.093079566955566; CER: 1.0; WER: 1.0; val_loss: 13.259414672851562; val_CER: 1.0; val_WER: 1.0
2023-10-26 17:07:37,554 - root - INFO - Epoch 37; loss: 13.05817985534668; CER: 1.0; WER: 1.0; val_loss: 13.276548385620117; val_CER: 1.0; val_WER: 1.0
2023-10-26 17:07:45,918 - root - INFO - Epoch 38; loss: 13.023204803466797; CER: 1.0; WER: 1.0; val_loss: 13.348062515258789; val_CER: 1.0; val_WER: 1.0
2023-10-26 17:07:54,261 - root - INFO - Epoch 39; loss: 13.053446769714355; CER: 0.9982300996780396; WER: 1.0; val_loss: 13.404544830322266; val_CER: 1.0; val_WER: 1.0
2023-10-26 17:08:02,737 - root - INFO - Epoch 40; loss: 13.046221733093262; CER: 1.0; WER: 1.0; val_loss: 13.295125007629395; val_CER: 1.0; val_WER: 1.0
2023-10-26 17:08:11,019 - root - INFO - Epoch 41; loss: 13.033943176269531; CER: 0.9973451495170593; WER: 1.0; val_loss: 13.200505256652832; val_CER: 1.0; val_WER: 1.0
2023-10-26 17:08:19,351 - root - INFO - Epoch 42; loss: 13.032270431518555; CER: 0.9911504983901978; WER: 1.0; val_loss: 13.155235290527344; val_CER: 1.0; val_WER: 1.0
2023-10-26 17:08:27,769 - root - INFO - Epoch 43; loss: 12.944189071655273; CER: 0.9858407378196716; WER: 1.0; val_loss: 13.016874313354492; val_CER: 1.0; val_WER: 1.0
2023-10-26 17:08:36,041 - root - INFO - Epoch 44; loss: 12.964481353759766; CER: 0.9725663661956787; WER: 1.0; val_loss: 13.000717163085938; val_CER: 1.0; val_WER: 1.0
2023-10-26 17:08:44,540 - root - INFO - Epoch 45; loss: 12.924664497375488; CER: 0.9681416153907776; WER: 1.0; val_loss: 12.929779052734375; val_CER: 1.0; val_WER: 1.0
2023-10-26 17:08:52,898 - root - INFO - Epoch 46; loss: 12.932615280151367; CER: 0.9513274431228638; WER: 1.0; val_loss: 12.926939010620117; val_CER: 1.0; val_WER: 1.0
2023-10-26 17:09:01,698 - root - INFO - Epoch 47; loss: 12.881429672241211; CER: 0.9380530714988708; WER: 1.0; val_loss: 12.86263656616211; val_CER: 0.9769231081008911; val_WER: 1.0
2023-10-26 17:09:10,289 - root - INFO - Epoch 48; loss: 12.832216262817383; CER: 0.9283186793327332; WER: 1.0; val_loss: 12.858880043029785; val_CER: 0.8999999761581421; val_WER: 1.0
2023-10-26 17:09:18,912 - root - INFO - Epoch 49; loss: 12.89234733581543; CER: 0.9115044474601746; WER: 1.0; val_loss: 12.88969898223877; val_CER: 0.8769230246543884; val_WER: 1.0
2023-10-26 17:09:27,281 - root - INFO - Epoch 50; loss: 12.846905708312988; CER: 0.9088496565818787; WER: 1.0; val_loss: 12.912142753601074; val_CER: 0.8999999761581421; val_WER: 1.0
2023-10-26 17:09:35,641 - root - INFO - Epoch 51; loss: 12.821267127990723; CER: 0.8805308938026428; WER: 1.0; val_loss: 13.05167293548584; val_CER: 0.8999999761581421; val_WER: 1.0
2023-10-26 17:09:44,117 - root - INFO - Epoch 52; loss: 12.773509979248047; CER: 0.8796460032463074; WER: 1.0; val_loss: 13.228106498718262; val_CER: 0.8999999761581421; val_WER: 1.0
2023-10-26 17:09:52,549 - root - INFO - Epoch 53; loss: 12.733173370361328; CER: 0.8743362426757812; WER: 1.0; val_loss: 13.569355010986328; val_CER: 0.892307698726654; val_WER: 1.0
2023-10-26 17:10:00,941 - root - INFO - Epoch 54; loss: 12.785826683044434; CER: 0.863716721534729; WER: 1.0; val_loss: 13.55193042755127; val_CER: 0.892307698726654; val_WER: 1.0
2023-10-26 17:10:09,242 - root - INFO - Epoch 55; loss: 12.759618759155273; CER: 0.874336302280426; WER: 1.0; val_loss: 13.445356369018555; val_CER: 0.8769230246543884; val_WER: 1.0
2023-10-26 17:10:17,928 - root - INFO - Epoch 56; loss: 12.753216743469238; CER: 0.854867160320282; WER: 1.0; val_loss: 13.471729278564453; val_CER: 0.8615385293960571; val_WER: 1.0
2023-10-26 17:10:26,539 - root - INFO - Epoch 57; loss: 12.753546714782715; CER: 0.8690265417098999; WER: 1.0; val_loss: 13.546565055847168; val_CER: 0.8615384697914124; val_WER: 1.0
2023-10-26 17:10:34,942 - root - INFO - Epoch 58; loss: 12.745199203491211; CER: 0.8725663423538208; WER: 1.0; val_loss: 13.520240783691406; val_CER: 0.8615384697914124; val_WER: 1.0
2023-10-26 17:10:43,726 - root - INFO - Epoch 59; loss: 12.697587013244629; CER: 0.8716813921928406; WER: 1.0; val_loss: 13.208279609680176; val_CER: 0.8692308068275452; val_WER: 1.0
2023-10-26 17:10:52,011 - root - INFO - Epoch 60; loss: 12.67551326751709; CER: 0.8805308938026428; WER: 1.0; val_loss: 13.02881145477295; val_CER: 0.8692308068275452; val_WER: 1.0
2023-10-26 17:11:00,187 - root - INFO - Epoch 61; loss: 12.71198558807373; CER: 0.8716813921928406; WER: 1.0; val_loss: 13.090808868408203; val_CER: 0.8692308068275452; val_WER: 1.0
2023-10-26 17:11:08,689 - root - INFO - Epoch 62; loss: 12.684146881103516; CER: 0.881415843963623; WER: 1.0; val_loss: 12.833370208740234; val_CER: 0.8692308068275452; val_WER: 1.0
2023-10-26 17:11:16,897 - root - INFO - Epoch 63; loss: 12.66472053527832; CER: 0.8743362426757812; WER: 1.0; val_loss: 12.51112174987793; val_CER: 0.8769230246543884; val_WER: 1.0
2023-10-26 17:11:25,269 - root - INFO - Epoch 64; loss: 12.603437423706055; CER: 0.84690260887146; WER: 1.0; val_loss: 12.40176773071289; val_CER: 0.8307692408561707; val_WER: 1.0
2023-10-26 17:11:33,764 - root - INFO - Epoch 65; loss: 12.490856170654297; CER: 0.8592920899391174; WER: 1.0; val_loss: 12.129698753356934; val_CER: 0.8230769038200378; val_WER: 1.0
2023-10-26 17:11:42,102 - root - INFO - Epoch 66; loss: 12.417621612548828; CER: 0.8442478179931641; WER: 1.0; val_loss: 12.058760643005371; val_CER: 0.8769230246543884; val_WER: 1.0
2023-10-26 17:11:50,574 - root - INFO - Epoch 67; loss: 12.350777626037598; CER: 0.8469025492668152; WER: 1.0; val_loss: 12.040277481079102; val_CER: 0.8999999761581421; val_WER: 1.0
2023-10-26 17:11:59,157 - root - INFO - Epoch 68; loss: 12.29869556427002; CER: 0.8566371202468872; WER: 1.0; val_loss: 11.959807395935059; val_CER: 0.8153846263885498; val_WER: 1.0
2023-10-26 17:12:07,877 - root - INFO - Epoch 69; loss: 12.300580024719238; CER: 0.8654866814613342; WER: 1.0; val_loss: 12.072954177856445; val_CER: 0.892307698726654; val_WER: 1.0
2023-10-26 17:12:16,204 - root - INFO - Epoch 70; loss: 12.3388032913208; CER: 0.8575220704078674; WER: 1.0; val_loss: 11.962215423583984; val_CER: 0.8923076391220093; val_WER: 1.0
2023-10-26 17:12:24,684 - root - INFO - Epoch 71; loss: 12.210930824279785; CER: 0.855752170085907; WER: 1.0; val_loss: 12.064085960388184; val_CER: 0.8923076391220093; val_WER: 1.0
2023-10-26 17:12:33,182 - root - INFO - Epoch 72; loss: 12.218932151794434; CER: 0.8619469404220581; WER: 1.0; val_loss: 12.125955581665039; val_CER: 0.8846153616905212; val_WER: 1.0
2023-10-26 17:12:41,545 - root - INFO - Epoch 73; loss: 12.178072929382324; CER: 0.865486741065979; WER: 1.0; val_loss: 11.90092945098877; val_CER: 0.8846153616905212; val_WER: 1.0
2023-10-26 17:12:49,906 - root - INFO - Epoch 74; loss: 12.225757598876953; CER: 0.8433628082275391; WER: 1.0; val_loss: 11.992202758789062; val_CER: 0.8692306876182556; val_WER: 1.0
2023-10-26 17:12:58,193 - root - INFO - Epoch 75; loss: 12.198365211486816; CER: 0.8584071397781372; WER: 1.0; val_loss: 12.041980743408203; val_CER: 0.8999999761581421; val_WER: 1.0
2023-10-26 17:13:06,513 - root - INFO - Epoch 76; loss: 12.136900901794434; CER: 0.856637179851532; WER: 1.0; val_loss: 11.994061470031738; val_CER: 0.8615385293960571; val_WER: 1.0
2023-10-26 17:13:14,835 - root - INFO - Epoch 77; loss: 12.181373596191406; CER: 0.8530973196029663; WER: 1.0; val_loss: 12.080005645751953; val_CER: 0.9076922535896301; val_WER: 1.0
2023-10-26 17:13:23,207 - root - INFO - Epoch 78; loss: 12.073710441589355; CER: 0.8460177779197693; WER: 1.0; val_loss: 11.964810371398926; val_CER: 0.8538461923599243; val_WER: 1.0
2023-10-26 17:13:31,684 - root - INFO - Epoch 79; loss: 12.01457691192627; CER: 0.8592920899391174; WER: 1.0; val_loss: 11.921133041381836; val_CER: 0.8384615778923035; val_WER: 1.0
2023-10-26 17:13:40,064 - root - INFO - Epoch 80; loss: 12.034631729125977; CER: 0.8663715720176697; WER: 1.0; val_loss: 11.996082305908203; val_CER: 0.8461538553237915; val_WER: 1.0
2023-10-26 17:13:48,410 - root - INFO - Epoch 81; loss: 11.927618026733398; CER: 0.8407079577445984; WER: 1.0; val_loss: 11.991205215454102; val_CER: 0.8461538553237915; val_WER: 1.0
2023-10-26 17:13:56,829 - root - INFO - Epoch 82; loss: 12.021754264831543; CER: 0.8557522296905518; WER: 1.0; val_loss: 11.859591484069824; val_CER: 0.8538461923599243; val_WER: 1.0
2023-10-26 17:14:05,205 - root - INFO - Epoch 83; loss: 11.874784469604492; CER: 0.8699114918708801; WER: 1.0; val_loss: 11.865933418273926; val_CER: 0.8846153616905212; val_WER: 1.0
2023-10-26 17:14:13,502 - root - INFO - Epoch 84; loss: 11.801309585571289; CER: 0.866371750831604; WER: 1.0; val_loss: 11.984346389770508; val_CER: 0.8769230246543884; val_WER: 1.0
2023-10-26 17:14:21,909 - root - INFO - Epoch 85; loss: 11.840483665466309; CER: 0.8654866814613342; WER: 1.0; val_loss: 12.004739761352539; val_CER: 0.8615385293960571; val_WER: 1.0
2023-10-26 17:14:30,345 - root - INFO - Epoch 86; loss: 11.854997634887695; CER: 0.8539822101593018; WER: 1.0; val_loss: 11.834972381591797; val_CER: 0.8769230246543884; val_WER: 1.0
2023-10-26 17:14:38,801 - root - INFO - Epoch 87; loss: 11.834891319274902; CER: 0.8592920303344727; WER: 1.0; val_loss: 11.8819580078125; val_CER: 0.8846153616905212; val_WER: 1.0
2023-10-26 17:14:47,186 - root - INFO - Epoch 88; loss: 11.754485130310059; CER: 0.8548672199249268; WER: 1.0; val_loss: 11.865269660949707; val_CER: 0.8692306876182556; val_WER: 1.0
2023-10-26 17:14:55,574 - root - INFO - Epoch 89; loss: 11.800867080688477; CER: 0.8575221300125122; WER: 1.0; val_loss: 11.792346954345703; val_CER: 0.8769230246543884; val_WER: 1.0
2023-10-26 17:15:04,332 - root - INFO - Epoch 90; loss: 11.733373641967773; CER: 0.8513273596763611; WER: 1.0; val_loss: 12.037386894226074; val_CER: 0.8692308068275452; val_WER: 1.0
2023-10-26 17:15:12,810 - root - INFO - Epoch 91; loss: 11.747102737426758; CER: 0.8495574593544006; WER: 1.0; val_loss: 11.74075984954834; val_CER: 0.8538461923599243; val_WER: 1.0
2023-10-26 17:15:21,176 - root - INFO - Epoch 92; loss: 11.802916526794434; CER: 0.8575220704078674; WER: 1.0; val_loss: 11.695001602172852; val_CER: 0.8538461923599243; val_WER: 1.0
2023-10-26 17:15:29,615 - root - INFO - Epoch 93; loss: 11.744669914245605; CER: 0.8539823293685913; WER: 1.0; val_loss: 11.802881240844727; val_CER: 0.8692308068275452; val_WER: 1.0
2023-10-26 17:15:37,947 - root - INFO - Epoch 94; loss: 11.726383209228516; CER: 0.8575220704078674; WER: 1.0; val_loss: 11.719359397888184; val_CER: 0.8307692408561707; val_WER: 1.0
2023-10-26 17:15:46,334 - root - INFO - Epoch 95; loss: 11.71240520477295; CER: 0.8504425287246704; WER: 1.0; val_loss: 12.00011920928955; val_CER: 0.8615384697914124; val_WER: 1.0
2023-10-26 17:15:54,735 - root - INFO - Epoch 96; loss: 11.792548179626465; CER: 0.8672566413879395; WER: 1.0; val_loss: 11.928820610046387; val_CER: 0.8538461923599243; val_WER: 1.0
2023-10-26 17:16:03,074 - root - INFO - Epoch 97; loss: 11.69514274597168; CER: 0.8584070801734924; WER: 1.0; val_loss: 11.988509178161621; val_CER: 0.8538461923599243; val_WER: 1.0
2023-10-26 17:16:11,470 - root - INFO - Epoch 98; loss: 11.835722923278809; CER: 0.8522124290466309; WER: 1.0; val_loss: 11.8310546875; val_CER: 0.8384615182876587; val_WER: 1.0
2023-10-26 17:16:19,963 - root - INFO - Epoch 99; loss: 11.754172325134277; CER: 0.8663716316223145; WER: 1.0; val_loss: 11.566732406616211; val_CER: 0.8692308068275452; val_WER: 1.0
2023-10-26 17:16:22,232 - tf2onnx.tf_loader - WARNING - Could not search for non-variable resources. Concrete function internal representation may have changed.
2023-10-26 17:16:26,220 - tf2onnx.tfonnx - INFO - Using tensorflow=2.14.0, onnx=1.14.1, tf2onnx=1.15.1/37820d
2023-10-26 17:16:26,221 - tf2onnx.tfonnx - INFO - Using opset <onnx, 15>
2023-10-26 17:16:26,545 - tf2onnx.tf_utils - INFO - Computed 0 values for constant folding
2023-10-26 17:16:26,562 - tf2onnx.tf_utils - INFO - Computed 0 values for constant folding
2023-10-26 17:16:26,579 - tf2onnx.tf_utils - INFO - Computed 0 values for constant folding
2023-10-26 17:16:26,586 - tf2onnx.tf_utils - INFO - Computed 0 values for constant folding
2023-10-26 17:16:26,671 - tf2onnx.tf_utils - INFO - Computed 2 values for constant folding
2023-10-26 17:16:26,881 - tf2onnx.tfonnx - INFO - folding node using tf type=StridedSlice, name=model/bidirectional/forward_lstm/PartitionedCall/strided_slice
2023-10-26 17:16:26,882 - tf2onnx.tfonnx - INFO - folding node using tf type=StridedSlice, name=model/bidirectional/backward_lstm/PartitionedCall/strided_slice
2023-10-26 17:16:27,160 - tf2onnx.optimizer - INFO - Optimizing ONNX model
2023-10-26 17:16:28,616 - tf2onnx.optimizer - INFO - After optimization: BatchNormalization -18 (18->0), Cast -4 (11->7), Concat -4 (10->6), Const -128 (194->66), Expand -3 (4->1), Gather +2 (2->4), Identity -2 (2->0), Shape -1 (4->3), Slice -1 (5->4), Squeeze -3 (5->2), Transpose -83 (87->4), Unsqueeze -14 (17->3)
