2023-10-26 17:28:36,282 - tensorflow - WARNING - Callback method `on_train_batch_end` is slow compared to the batch time (batch time: 0.5455s vs `on_train_batch_end` time: 0.6523s). Check your callbacks.
2023-10-26 17:28:44,678 - root - INFO - Epoch 0; loss: 29.184274673461914; CER: 1.5026549100875854; WER: 1.0; val_loss: 15.031285285949707; val_CER: 1.0; val_WER: 1.0
2023-10-26 17:28:52,791 - root - INFO - Epoch 1; loss: 14.05544376373291; CER: 1.0; WER: 1.0; val_loss: 13.566030502319336; val_CER: 1.0; val_WER: 1.0
2023-10-26 17:29:01,099 - root - INFO - Epoch 2; loss: 13.359417915344238; CER: 1.0; WER: 1.0; val_loss: 13.270236015319824; val_CER: 1.0; val_WER: 1.0
2023-10-26 17:29:09,480 - root - INFO - Epoch 3; loss: 13.22912311553955; CER: 1.0; WER: 1.0; val_loss: 13.335186004638672; val_CER: 1.0; val_WER: 1.0
2023-10-26 17:29:17,509 - root - INFO - Epoch 4; loss: 13.21189022064209; CER: 1.0; WER: 1.0; val_loss: 13.247740745544434; val_CER: 1.0; val_WER: 1.0
2023-10-26 17:29:25,573 - root - INFO - Epoch 5; loss: 13.174883842468262; CER: 1.0; WER: 1.0; val_loss: 13.244118690490723; val_CER: 1.0; val_WER: 1.0
2023-10-26 17:29:33,775 - root - INFO - Epoch 6; loss: 13.190460205078125; CER: 1.0; WER: 1.0; val_loss: 13.227694511413574; val_CER: 1.0; val_WER: 1.0
2023-10-26 17:29:42,127 - root - INFO - Epoch 7; loss: 13.20146656036377; CER: 1.0; WER: 1.0; val_loss: 13.207009315490723; val_CER: 1.0; val_WER: 1.0
2023-10-26 17:29:50,402 - root - INFO - Epoch 8; loss: 13.186076164245605; CER: 1.0; WER: 1.0; val_loss: 13.253021240234375; val_CER: 1.0; val_WER: 1.0
2023-10-26 17:29:58,732 - root - INFO - Epoch 9; loss: 13.198993682861328; CER: 1.0; WER: 1.0; val_loss: 13.287641525268555; val_CER: 1.0; val_WER: 1.0
2023-10-26 17:30:07,792 - root - INFO - Epoch 10; loss: 13.200243949890137; CER: 1.0; WER: 1.0; val_loss: 13.274467468261719; val_CER: 1.0; val_WER: 1.0
2023-10-26 17:30:16,346 - root - INFO - Epoch 11; loss: 13.184660911560059; CER: 1.0; WER: 1.0; val_loss: 13.288442611694336; val_CER: 1.0; val_WER: 1.0
2023-10-26 17:30:24,694 - root - INFO - Epoch 12; loss: 13.162972450256348; CER: 1.0; WER: 1.0; val_loss: 13.282373428344727; val_CER: 1.0; val_WER: 1.0
2023-10-26 17:30:33,203 - root - INFO - Epoch 13; loss: 13.1488037109375; CER: 1.0; WER: 1.0; val_loss: 13.319188117980957; val_CER: 1.0; val_WER: 1.0
2023-10-26 17:30:41,516 - root - INFO - Epoch 14; loss: 13.143033027648926; CER: 1.0; WER: 1.0; val_loss: 13.29075813293457; val_CER: 1.0; val_WER: 1.0
2023-10-26 17:30:49,829 - root - INFO - Epoch 15; loss: 13.161606788635254; CER: 1.0; WER: 1.0; val_loss: 13.27692985534668; val_CER: 1.0; val_WER: 1.0
2023-10-26 17:30:58,101 - root - INFO - Epoch 16; loss: 13.15259838104248; CER: 1.0; WER: 1.0; val_loss: 13.334657669067383; val_CER: 1.0; val_WER: 1.0
2023-10-26 17:31:06,617 - root - INFO - Epoch 17; loss: 13.17208194732666; CER: 1.0; WER: 1.0; val_loss: 13.295791625976562; val_CER: 1.0; val_WER: 1.0
2023-10-26 17:31:14,679 - root - INFO - Epoch 18; loss: 13.176912307739258; CER: 1.0; WER: 1.0; val_loss: 13.24650764465332; val_CER: 1.0; val_WER: 1.0
2023-10-26 17:31:22,980 - root - INFO - Epoch 19; loss: 13.155080795288086; CER: 1.0; WER: 1.0; val_loss: 13.306038856506348; val_CER: 1.0; val_WER: 1.0
2023-10-26 17:31:31,330 - root - INFO - Epoch 20; loss: 13.17903995513916; CER: 1.0; WER: 1.0; val_loss: 13.284361839294434; val_CER: 1.0; val_WER: 1.0
2023-10-26 17:31:39,671 - root - INFO - Epoch 21; loss: 13.13308048248291; CER: 1.0; WER: 1.0; val_loss: 13.254490852355957; val_CER: 1.0; val_WER: 1.0
2023-10-26 17:31:48,123 - root - INFO - Epoch 22; loss: 13.15330696105957; CER: 1.0; WER: 1.0; val_loss: 13.296174049377441; val_CER: 1.0; val_WER: 1.0
2023-10-26 17:31:56,405 - root - INFO - Epoch 23; loss: 13.1322603225708; CER: 1.0; WER: 1.0; val_loss: 13.293503761291504; val_CER: 1.0; val_WER: 1.0
2023-10-26 17:32:04,690 - root - INFO - Epoch 24; loss: 13.151976585388184; CER: 1.0; WER: 1.0; val_loss: 13.255023956298828; val_CER: 1.0; val_WER: 1.0
2023-10-26 17:32:12,855 - root - INFO - Epoch 25; loss: 13.11624813079834; CER: 1.0; WER: 1.0; val_loss: 13.281787872314453; val_CER: 1.0; val_WER: 1.0
2023-10-26 17:32:21,087 - root - INFO - Epoch 26; loss: 13.131096839904785; CER: 1.0; WER: 1.0; val_loss: 13.254115104675293; val_CER: 1.0; val_WER: 1.0
2023-10-26 17:32:29,351 - root - INFO - Epoch 27; loss: 13.157992362976074; CER: 1.0; WER: 1.0; val_loss: 13.229626655578613; val_CER: 1.0; val_WER: 1.0
2023-10-26 17:32:37,795 - root - INFO - Epoch 28; loss: 13.115598678588867; CER: 1.0; WER: 1.0; val_loss: 13.226572036743164; val_CER: 1.0; val_WER: 1.0
2023-10-26 17:32:46,261 - root - INFO - Epoch 29; loss: 13.111413955688477; CER: 1.0; WER: 1.0; val_loss: 13.197701454162598; val_CER: 1.0; val_WER: 1.0
2023-10-26 17:32:54,629 - root - INFO - Epoch 30; loss: 13.094040870666504; CER: 1.0; WER: 1.0; val_loss: 13.203500747680664; val_CER: 1.0; val_WER: 1.0
2023-10-26 17:33:04,932 - root - INFO - Epoch 31; loss: 13.108078002929688; CER: 1.0; WER: 1.0; val_loss: 13.204486846923828; val_CER: 1.0; val_WER: 1.0
2023-10-26 17:33:13,102 - root - INFO - Epoch 32; loss: 13.08098316192627; CER: 1.0; WER: 1.0; val_loss: 13.224502563476562; val_CER: 1.0; val_WER: 1.0
2023-10-26 17:33:21,311 - root - INFO - Epoch 33; loss: 13.101165771484375; CER: 1.0; WER: 1.0; val_loss: 13.229947090148926; val_CER: 1.0; val_WER: 1.0
2023-10-26 17:33:29,607 - root - INFO - Epoch 34; loss: 13.063153266906738; CER: 1.0; WER: 1.0; val_loss: 13.25744915008545; val_CER: 1.0; val_WER: 1.0
2023-10-26 17:33:38,120 - root - INFO - Epoch 35; loss: 13.041773796081543; CER: 1.0; WER: 1.0; val_loss: 13.288745880126953; val_CER: 1.0; val_WER: 1.0
2023-10-26 17:33:46,581 - root - INFO - Epoch 36; loss: 13.075765609741211; CER: 1.0; WER: 1.0; val_loss: 13.230562210083008; val_CER: 1.0; val_WER: 1.0
2023-10-26 17:33:54,851 - root - INFO - Epoch 37; loss: 13.05225658416748; CER: 1.0; WER: 1.0; val_loss: 13.215319633483887; val_CER: 1.0; val_WER: 1.0
2023-10-26 17:34:03,263 - root - INFO - Epoch 38; loss: 13.027761459350586; CER: 0.9991150498390198; WER: 1.0; val_loss: 13.280192375183105; val_CER: 1.0; val_WER: 1.0
2023-10-26 17:34:11,794 - root - INFO - Epoch 39; loss: 13.03669548034668; CER: 1.0; WER: 1.0; val_loss: 13.32466983795166; val_CER: 1.0; val_WER: 1.0
2023-10-26 17:34:19,956 - root - INFO - Epoch 40; loss: 13.019780158996582; CER: 0.9973451495170593; WER: 1.0; val_loss: 13.267630577087402; val_CER: 1.0; val_WER: 1.0
2023-10-26 17:34:28,304 - root - INFO - Epoch 41; loss: 12.96783447265625; CER: 0.9929203987121582; WER: 1.0; val_loss: 13.254858016967773; val_CER: 1.0; val_WER: 1.0
2023-10-26 17:34:36,689 - root - INFO - Epoch 42; loss: 12.976357460021973; CER: 0.9876106977462769; WER: 1.0; val_loss: 13.208098411560059; val_CER: 1.0; val_WER: 1.0
2023-10-26 17:34:45,041 - root - INFO - Epoch 43; loss: 12.954100608825684; CER: 0.9805309772491455; WER: 1.0; val_loss: 13.144042015075684; val_CER: 1.0; val_WER: 1.0
2023-10-26 17:34:53,700 - root - INFO - Epoch 44; loss: 12.96467399597168; CER: 0.9566370844841003; WER: 1.0; val_loss: 13.314187049865723; val_CER: 0.8999999761581421; val_WER: 1.0
2023-10-26 17:35:02,057 - root - INFO - Epoch 45; loss: 12.963467597961426; CER: 0.9566370844841003; WER: 1.0; val_loss: 13.209795951843262; val_CER: 0.8999999761581421; val_WER: 1.0
2023-10-26 17:35:10,273 - root - INFO - Epoch 46; loss: 12.90706729888916; CER: 0.9460177421569824; WER: 1.0; val_loss: 13.132431030273438; val_CER: 0.8999999761581421; val_WER: 1.0
2023-10-26 17:35:18,498 - root - INFO - Epoch 47; loss: 12.892857551574707; CER: 0.9362832307815552; WER: 1.0; val_loss: 13.23755168914795; val_CER: 0.9230769276618958; val_WER: 1.0
2023-10-26 17:35:27,048 - root - INFO - Epoch 48; loss: 12.906736373901367; CER: 0.9362831711769104; WER: 1.0; val_loss: 13.282559394836426; val_CER: 0.9000000357627869; val_WER: 1.0
2023-10-26 17:35:35,911 - root - INFO - Epoch 49; loss: 12.866098403930664; CER: 0.9238938093185425; WER: 1.0; val_loss: 13.180973052978516; val_CER: 0.9230769276618958; val_WER: 1.0
2023-10-26 17:35:49,280 - root - INFO - Epoch 50; loss: 12.858036041259766; CER: 0.9362832307815552; WER: 1.0; val_loss: 13.221372604370117; val_CER: 0.8999999761581421; val_WER: 1.0
2023-10-26 17:35:57,869 - root - INFO - Epoch 51; loss: 12.850480079650879; CER: 0.911504328250885; WER: 1.0; val_loss: 13.143563270568848; val_CER: 0.8999999165534973; val_WER: 1.0
2023-10-26 17:36:06,046 - root - INFO - Epoch 52; loss: 12.824224472045898; CER: 0.9141591787338257; WER: 1.0; val_loss: 13.106069564819336; val_CER: 0.9000000357627869; val_WER: 1.0
2023-10-26 17:36:14,274 - root - INFO - Epoch 53; loss: 12.778672218322754; CER: 0.8982300758361816; WER: 1.0; val_loss: 13.161986351013184; val_CER: 0.8999999761581421; val_WER: 1.0
2023-10-26 17:36:24,902 - root - INFO - Epoch 54; loss: 12.784976959228516; CER: 0.8893804550170898; WER: 1.0; val_loss: 13.219598770141602; val_CER: 0.8692308068275452; val_WER: 1.0
2023-10-26 17:36:33,422 - root - INFO - Epoch 55; loss: 12.73480224609375; CER: 0.8672566413879395; WER: 1.0; val_loss: 13.11905574798584; val_CER: 0.8846153616905212; val_WER: 1.0
2023-10-26 17:36:42,196 - root - INFO - Epoch 56; loss: 12.788407325744629; CER: 0.8761062026023865; WER: 1.0; val_loss: 13.112990379333496; val_CER: 0.8538461923599243; val_WER: 1.0
2023-10-26 17:36:50,726 - root - INFO - Epoch 57; loss: 12.779786109924316; CER: 0.8743362426757812; WER: 1.0; val_loss: 13.152236938476562; val_CER: 0.8538461923599243; val_WER: 1.0
2023-10-26 17:36:59,144 - root - INFO - Epoch 58; loss: 12.747507095336914; CER: 0.8716815114021301; WER: 1.0; val_loss: 13.071673393249512; val_CER: 0.8538461923599243; val_WER: 1.0
2023-10-26 17:37:07,829 - root - INFO - Epoch 59; loss: 12.697835922241211; CER: 0.866371750831604; WER: 1.0; val_loss: 13.124027252197266; val_CER: 0.8615385293960571; val_WER: 1.0
2023-10-26 17:37:15,987 - root - INFO - Epoch 60; loss: 12.701367378234863; CER: 0.875221312046051; WER: 1.0; val_loss: 13.31567668914795; val_CER: 0.8999999761581421; val_WER: 1.0
2023-10-26 17:37:24,247 - root - INFO - Epoch 61; loss: 12.694541931152344; CER: 0.8672567009925842; WER: 1.0; val_loss: 13.131767272949219; val_CER: 0.8538461923599243; val_WER: 1.0
2023-10-26 17:37:32,617 - root - INFO - Epoch 62; loss: 12.678929328918457; CER: 0.8610618114471436; WER: 1.0; val_loss: 13.069483757019043; val_CER: 0.892307698726654; val_WER: 1.0
2023-10-26 17:37:40,959 - root - INFO - Epoch 63; loss: 12.603320121765137; CER: 0.8610619306564331; WER: 1.0; val_loss: 12.837808609008789; val_CER: 0.8538461923599243; val_WER: 1.0
2023-10-26 17:37:49,394 - root - INFO - Epoch 64; loss: 12.558387756347656; CER: 0.8584071397781372; WER: 1.0; val_loss: 12.44324016571045; val_CER: 0.8538461923599243; val_WER: 1.0
2023-10-26 17:37:57,673 - root - INFO - Epoch 65; loss: 12.406185150146484; CER: 0.8548673391342163; WER: 1.0; val_loss: 11.926453590393066; val_CER: 0.8769230246543884; val_WER: 1.0
2023-10-26 17:38:05,845 - root - INFO - Epoch 66; loss: 12.176965713500977; CER: 0.84690260887146; WER: 1.0; val_loss: 11.772486686706543; val_CER: 0.9307692646980286; val_WER: 1.0
2023-10-26 17:38:14,148 - root - INFO - Epoch 67; loss: 12.000284194946289; CER: 0.8584071397781372; WER: 1.0; val_loss: 11.712925910949707; val_CER: 0.9230769276618958; val_WER: 1.0
2023-10-26 17:38:22,439 - root - INFO - Epoch 68; loss: 11.95981502532959; CER: 0.8486725687980652; WER: 1.0; val_loss: 11.689302444458008; val_CER: 0.8999999761581421; val_WER: 1.0
2023-10-26 17:38:30,864 - root - INFO - Epoch 69; loss: 11.91833209991455; CER: 0.8504425883293152; WER: 1.0; val_loss: 11.646876335144043; val_CER: 0.892307698726654; val_WER: 1.0
2023-10-26 17:38:39,182 - root - INFO - Epoch 70; loss: 11.8401460647583; CER: 0.855752170085907; WER: 1.0; val_loss: 11.653029441833496; val_CER: 0.8846153616905212; val_WER: 1.0
2023-10-26 17:38:47,581 - root - INFO - Epoch 71; loss: 11.85960578918457; CER: 0.8566371202468872; WER: 1.0; val_loss: 11.617247581481934; val_CER: 0.8538461923599243; val_WER: 1.0
2023-10-26 17:38:55,822 - root - INFO - Epoch 72; loss: 11.835714340209961; CER: 0.864601731300354; WER: 1.0; val_loss: 11.576319694519043; val_CER: 0.8615384697914124; val_WER: 1.0
2023-10-26 17:39:04,051 - root - INFO - Epoch 73; loss: 11.837167739868164; CER: 0.875221312046051; WER: 1.0; val_loss: 11.656790733337402; val_CER: 0.892307698726654; val_WER: 1.0
2023-10-26 17:39:12,165 - root - INFO - Epoch 74; loss: 11.798048973083496; CER: 0.8654868006706238; WER: 1.0; val_loss: 11.675525665283203; val_CER: 0.892307698726654; val_WER: 1.0
2023-10-26 17:39:20,457 - root - INFO - Epoch 75; loss: 11.75720500946045; CER: 0.8442477583885193; WER: 1.0; val_loss: 11.642291069030762; val_CER: 0.8846153616905212; val_WER: 1.0
2023-10-26 17:39:28,738 - root - INFO - Epoch 76; loss: 11.75420093536377; CER: 0.8495574593544006; WER: 1.0; val_loss: 11.688923835754395; val_CER: 0.9230769276618958; val_WER: 1.0
2023-10-26 17:39:37,104 - root - INFO - Epoch 77; loss: 11.710282325744629; CER: 0.855752170085907; WER: 1.0; val_loss: 11.640379905700684; val_CER: 0.9153845906257629; val_WER: 1.0
2023-10-26 17:39:45,609 - root - INFO - Epoch 78; loss: 11.656352043151855; CER: 0.8690265417098999; WER: 1.0; val_loss: 11.651712417602539; val_CER: 0.9153845906257629; val_WER: 1.0
2023-10-26 17:39:53,877 - root - INFO - Epoch 79; loss: 11.674345970153809; CER: 0.8707965612411499; WER: 1.0; val_loss: 11.660932540893555; val_CER: 0.8923076391220093; val_WER: 1.0
2023-10-26 17:40:02,198 - root - INFO - Epoch 80; loss: 11.65132999420166; CER: 0.8672566413879395; WER: 1.0; val_loss: 11.662456512451172; val_CER: 0.892307698726654; val_WER: 1.0
2023-10-26 17:40:10,372 - root - INFO - Epoch 81; loss: 11.65367317199707; CER: 0.8557521104812622; WER: 1.0; val_loss: 11.794233322143555; val_CER: 0.9076922535896301; val_WER: 1.0
2023-10-26 17:40:18,674 - root - INFO - Epoch 82; loss: 11.629354476928711; CER: 0.8699116110801697; WER: 1.0; val_loss: 11.699518203735352; val_CER: 0.892307698726654; val_WER: 1.0
2023-10-26 17:40:27,074 - root - INFO - Epoch 83; loss: 11.567920684814453; CER: 0.8619468212127686; WER: 1.0; val_loss: 11.658431053161621; val_CER: 0.9076922535896301; val_WER: 1.0
2023-10-26 17:40:35,410 - root - INFO - Epoch 84; loss: 11.48874568939209; CER: 0.8460177779197693; WER: 1.0; val_loss: 11.768479347229004; val_CER: 0.9076922535896301; val_WER: 1.0
2023-10-26 17:40:43,659 - root - INFO - Epoch 85; loss: 11.475142478942871; CER: 0.8433628678321838; WER: 1.0; val_loss: 11.69099235534668; val_CER: 0.9000000357627869; val_WER: 1.0
2023-10-26 17:40:51,957 - root - INFO - Epoch 86; loss: 11.491727828979492; CER: 0.8823009133338928; WER: 1.0; val_loss: 11.754378318786621; val_CER: 0.8846153616905212; val_WER: 1.0
2023-10-26 17:41:00,287 - root - INFO - Epoch 87; loss: 11.504941940307617; CER: 0.8654866814613342; WER: 1.0; val_loss: 11.751928329467773; val_CER: 0.9076922535896301; val_WER: 1.0
2023-10-26 17:41:08,779 - root - INFO - Epoch 88; loss: 11.51132583618164; CER: 0.8840708136558533; WER: 1.0; val_loss: 11.680773735046387; val_CER: 0.8999999761581421; val_WER: 1.0
2023-10-26 17:41:16,982 - root - INFO - Epoch 89; loss: 11.482335090637207; CER: 0.8654866814613342; WER: 1.0; val_loss: 11.693470001220703; val_CER: 0.8999999761581421; val_WER: 1.0
2023-10-26 17:41:25,292 - root - INFO - Epoch 90; loss: 11.442662239074707; CER: 0.8433628678321838; WER: 1.0; val_loss: 11.668428421020508; val_CER: 0.892307698726654; val_WER: 1.0
2023-10-26 17:41:33,632 - root - INFO - Epoch 91; loss: 11.485546112060547; CER: 0.8707965016365051; WER: 1.0; val_loss: 11.664281845092773; val_CER: 0.8999999761581421; val_WER: 1.0
2023-10-26 17:41:42,033 - root - INFO - Epoch 92; loss: 11.487536430358887; CER: 0.8557522296905518; WER: 1.0; val_loss: 11.693422317504883; val_CER: 0.892307698726654; val_WER: 1.0
2023-10-26 17:41:50,367 - root - INFO - Epoch 93; loss: 11.500847816467285; CER: 0.8769910931587219; WER: 1.0; val_loss: 11.654875755310059; val_CER: 0.8999999761581421; val_WER: 1.0
2023-10-26 17:41:58,854 - root - INFO - Epoch 94; loss: 11.483695983886719; CER: 0.8637167811393738; WER: 1.0; val_loss: 11.687823295593262; val_CER: 0.892307698726654; val_WER: 1.0
2023-10-26 17:42:07,152 - root - INFO - Epoch 95; loss: 11.497091293334961; CER: 0.874336302280426; WER: 1.0; val_loss: 11.703252792358398; val_CER: 0.9153845906257629; val_WER: 1.0
2023-10-26 17:42:15,557 - root - INFO - Epoch 96; loss: 11.477648735046387; CER: 0.8592920899391174; WER: 1.0; val_loss: 11.637372016906738; val_CER: 0.8846153616905212; val_WER: 1.0
2023-10-26 17:42:23,980 - root - INFO - Epoch 97; loss: 11.461454391479492; CER: 0.8548672199249268; WER: 1.0; val_loss: 11.675405502319336; val_CER: 0.9000000357627869; val_WER: 1.0
2023-10-26 17:42:32,362 - root - INFO - Epoch 98; loss: 11.468253135681152; CER: 0.8619469404220581; WER: 1.0; val_loss: 11.648478507995605; val_CER: 0.8615384697914124; val_WER: 1.0
2023-10-26 17:42:40,696 - root - INFO - Epoch 99; loss: 11.449764251708984; CER: 0.8681416511535645; WER: 1.0; val_loss: 11.705855369567871; val_CER: 0.9076922535896301; val_WER: 1.0
2023-10-26 17:42:43,026 - tf2onnx.tf_loader - WARNING - Could not search for non-variable resources. Concrete function internal representation may have changed.
2023-10-26 17:42:46,587 - tf2onnx.tfonnx - INFO - Using tensorflow=2.14.0, onnx=1.14.1, tf2onnx=1.15.1/37820d
2023-10-26 17:42:46,587 - tf2onnx.tfonnx - INFO - Using opset <onnx, 15>
2023-10-26 17:42:46,883 - tf2onnx.tf_utils - INFO - Computed 0 values for constant folding
2023-10-26 17:42:46,890 - tf2onnx.tf_utils - INFO - Computed 0 values for constant folding
2023-10-26 17:42:46,897 - tf2onnx.tf_utils - INFO - Computed 0 values for constant folding
2023-10-26 17:42:46,913 - tf2onnx.tf_utils - INFO - Computed 0 values for constant folding
2023-10-26 17:42:47,005 - tf2onnx.tf_utils - INFO - Computed 2 values for constant folding
2023-10-26 17:42:47,217 - tf2onnx.tfonnx - INFO - folding node using tf type=StridedSlice, name=model/bidirectional/forward_lstm/PartitionedCall/strided_slice
2023-10-26 17:42:47,218 - tf2onnx.tfonnx - INFO - folding node using tf type=StridedSlice, name=model/bidirectional/backward_lstm/PartitionedCall/strided_slice
2023-10-26 17:42:47,501 - tf2onnx.optimizer - INFO - Optimizing ONNX model
2023-10-26 17:42:48,950 - tf2onnx.optimizer - INFO - After optimization: BatchNormalization -18 (18->0), Cast -4 (11->7), Concat -4 (10->6), Const -128 (194->66), Expand -3 (4->1), Gather +2 (2->4), Identity -2 (2->0), Shape -1 (4->3), Slice -1 (5->4), Squeeze -3 (5->2), Transpose -83 (87->4), Unsqueeze -14 (17->3)
